SF:lib/flutter_redux_dev_tools.dart
DA:40,2
DA:43,1
DA:44,1
DA:50,1
DA:51,1
DA:52,4
DA:53,4
DA:55,1
DA:56,1
DA:57,1
DA:58,3
DA:60,1
DA:61,1
DA:62,1
DA:63,1
DA:65,1
DA:71,1
DA:72,1
DA:76,1
DA:77,1
DA:78,1
DA:80,1
DA:83,1
DA:84,1
DA:85,1
DA:86,1
DA:87,1
DA:88,1
DA:89,1
DA:90,1
DA:93,1
DA:94,1
DA:95,1
DA:96,1
DA:97,1
DA:100,1
DA:101,1
DA:102,1
DA:103,1
DA:104,1
DA:110,1
DA:111,1
DA:112,1
DA:113,1
DA:114,1
DA:115,1
DA:116,1
DA:117,0
DA:118,0
DA:120,0
DA:121,0
DA:122,0
DA:123,0
DA:124,0
DA:131,1
DA:132,1
DA:133,1
DA:135,1
DA:141,1
DA:143,1
DA:149,1
DA:151,1
DA:152,1
DA:153,1
DA:162,1
DA:163,1
DA:164,0
DA:165,0
DA:167,0
DA:168,0
DA:169,0
DA:170,0
DA:171,0
DA:179,1
DA:180,1
DA:181,1
DA:183,1
DA:189,1
DA:191,1
DA:197,1
DA:199,1
DA:200,1
DA:201,1
DA:230,1
DA:239,1
DA:241,1
DA:242,1
DA:243,3
DA:244,2
DA:245,3
DA:246,3
DA:247,0
DA:248,1
DA:249,3
DA:250,5
DA:251,3
end_of_record
